# JRE version: OpenJDK Runtime Environment (8.0_91-b14) (build 1.8.0_91-8u91-b14-3ubuntu1~16.04.1-b14)
# Java VM: OpenJDK 64-Bit Server VM (25.91-b14 mixed mode linux-amd64 compressed oops)
Heap:
 PSYoungGen      total 33280K, used 18147K [0x00000000ec100000, 0x00000000ee400000, 0x0000000100000000)
  eden space 30720K, 53% used [0x00000000ec100000,0x00000000ed0f6bd0,0x00000000edf00000)
  from space 2560K, 70% used [0x00000000ee180000,0x00000000ee342220,0x00000000ee400000)
  to   space 2560K, 0% used [0x00000000edf00000,0x00000000edf00000,0x00000000ee180000)
 ParOldGen       total 40960K, used 77K [0x00000000c4200000, 0x00000000c6a00000, 0x00000000ec100000)
  object space 40960K, 0% used [0x00000000c4200000,0x00000000c4213570,0x00000000c6a00000)
 Metaspace       used 10207K, capacity 10414K, committed 10752K, reserved 1058816K
  class space    used 1126K, capacity 1189K, committed 1280K, reserved 1048576K
GC Heap History (4 events):
Event: 0,531 GC heap before
{Heap before GC invocations=1 (full 0):
 PSYoungGen      total 17920K, used 15360K [0x00000000ec100000, 0x00000000ed500000, 0x0000000100000000)
  eden space 15360K, 100% used [0x00000000ec100000,0x00000000ed000000,0x00000000ed000000)
  from space 2560K, 0% used [0x00000000ed280000,0x00000000ed280000,0x00000000ed500000)
  to   space 2560K, 0% used [0x00000000ed000000,0x00000000ed000000,0x00000000ed280000)
 ParOldGen       total 40960K, used 0K [0x00000000c4200000, 0x00000000c6a00000, 0x00000000ec100000)
  object space 40960K, 0% used [0x00000000c4200000,0x00000000c4200000,0x00000000c6a00000)
 Metaspace       used 7563K, capacity 7714K, committed 7808K, reserved 1056768K
  class space    used 859K, capacity 887K, committed 896K, reserved 1048576K
Event: 0,540 GC heap after
Heap after GC invocations=1 (full 0):
 PSYoungGen      total 17920K, used 2533K [0x00000000ec100000, 0x00000000ee400000, 0x0000000100000000)
  eden space 15360K, 0% used [0x00000000ec100000,0x00000000ec100000,0x00000000ed000000)
  from space 2560K, 98% used [0x00000000ed000000,0x00000000ed279508,0x00000000ed280000)
  to   space 2560K, 0% used [0x00000000ee180000,0x00000000ee180000,0x00000000ee400000)
 ParOldGen       total 40960K, used 69K [0x00000000c4200000, 0x00000000c6a00000, 0x00000000ec100000)
  object space 40960K, 0% used [0x00000000c4200000,0x00000000c4211570,0x00000000c6a00000)
 Metaspace       used 7563K, capacity 7714K, committed 7808K, reserved 1056768K
  class space    used 859K, capacity 887K, committed 896K, reserved 1048576K
}
Event: 0,620 GC heap before
{Heap before GC invocations=2 (full 0):
 PSYoungGen      total 17920K, used 17893K [0x00000000ec100000, 0x00000000ee400000, 0x0000000100000000)
  eden space 15360K, 100% used [0x00000000ec100000,0x00000000ed000000,0x00000000ed000000)
  from space 2560K, 98% used [0x00000000ed000000,0x00000000ed279508,0x00000000ed280000)
  to   space 2560K, 0% used [0x00000000ee180000,0x00000000ee180000,0x00000000ee400000)
 ParOldGen       total 40960K, used 69K [0x00000000c4200000, 0x00000000c6a00000, 0x00000000ec100000)
  object space 40960K, 0% used [0x00000000c4200000,0x00000000c4211570,0x00000000c6a00000)
 Metaspace       used 7587K, capacity 7714K, committed 7808K, reserved 1056768K
  class space    used 859K, capacity 887K, committed 896K, reserved 1048576K
Event: 0,631 GC heap after
Heap after GC invocations=2 (full 0):
 PSYoungGen      total 33280K, used 1800K [0x00000000ec100000, 0x00000000ee400000, 0x0000000100000000)
  eden space 30720K, 0% used [0x00000000ec100000,0x00000000ec100000,0x00000000edf00000)
  from space 2560K, 70% used [0x00000000ee180000,0x00000000ee342220,0x00000000ee400000)
  to   space 2560K, 0% used [0x00000000edf00000,0x00000000edf00000,0x00000000ee180000)
 ParOldGen       total 40960K, used 77K [0x00000000c4200000, 0x00000000c6a00000, 0x00000000ec100000)
  object space 40960K, 0% used [0x00000000c4200000,0x00000000c4213570,0x00000000c6a00000)
 Metaspace       used 7587K, capacity 7714K, committed 7808K, reserved 1056768K
  class space    used 859K, capacity 887K, committed 896K, reserved 1048576K
}

